<?xml version="1.0" encoding="utf-8"?><testsuites name="pytest tests"><testsuite name="pytest" errors="0" failures="0" skipped="0" tests="10" time="0.689" timestamp="2025-11-20T14:52:21.019123+06:00" hostname="Maruf"><testcase classname="tests.test_engine" name="test_workflow_engine_initialization" time="0.025" /><testcase classname="tests.test_engine" name="test_simple_workflow_execution" time="0.006" /><testcase classname="tests.test_engine" name="test_execute_basic_workflow" time="0.027" /><testcase classname="tests.test_governance" name="test_governance_policy_load" time="0.008" /><testcase classname="tests.test_governance" name="test_governance_validation" time="0.003" /><testcase classname="tests.test_governance" name="test_banned_prompt_detection" time="0.005" /><testcase classname="tests.test_governance" name="test_human_review_trigger" time="0.004" /><testcase classname="tests.test_parser" name="test_parse_workflow" time="0.002" /><testcase classname="tests.test_parser" name="test_validate_dag" time="0.002" /><testcase classname="tests.test_parser" name="test_circular_dependency" time="0.003" /></testsuite></testsuites>